[Mon Jan 13 10:23:58.596581 2025] [ssl:warn] [pid 15396:tid 404] AH01909: www.example.com:443:0 server certificate does NOT include an ID which matches the server name
[Mon Jan 13 10:23:58.661384 2025] [ssl:warn] [pid 15396:tid 404] AH01909: www.example.com:443:0 server certificate does NOT include an ID which matches the server name
[Mon Jan 13 10:23:58.709248 2025] [mpm_winnt:notice] [pid 15396:tid 404] AH00455: Apache/2.4.58 (Win64) OpenSSL/3.1.3 PHP/8.0.30 configured -- resuming normal operations
[Mon Jan 13 10:23:58.709248 2025] [mpm_winnt:notice] [pid 15396:tid 404] AH00456: Apache Lounge VS17 Server built: Oct 18 2023 13:03:18
[Mon Jan 13 10:23:58.709248 2025] [core:notice] [pid 15396:tid 404] AH00094: Command line: 'C:\\xampp\\apache\\bin\\httpd.exe -d C:/xampp/apache'
[Mon Jan 13 10:23:58.718277 2025] [mpm_winnt:notice] [pid 15396:tid 404] AH00418: Parent: Created child process 9140
[Mon Jan 13 10:23:59.759345 2025] [ssl:warn] [pid 9140:tid 396] AH01909: www.example.com:443:0 server certificate does NOT include an ID which matches the server name
[Mon Jan 13 10:23:59.826146 2025] [ssl:warn] [pid 9140:tid 396] AH01909: www.example.com:443:0 server certificate does NOT include an ID which matches the server name
[Mon Jan 13 10:23:59.865305 2025] [mpm_winnt:notice] [pid 9140:tid 396] AH00354: Child: Starting 150 worker threads.
[Mon Jan 13 10:35:18.653309 2025] [ssl:warn] [pid 21300:tid 416] AH01909: www.example.com:443:0 server certificate does NOT include an ID which matches the server name
[Mon Jan 13 10:35:18.694333 2025] [ssl:warn] [pid 21300:tid 416] AH01909: www.example.com:443:0 server certificate does NOT include an ID which matches the server name
[Mon Jan 13 10:35:18.726496 2025] [mpm_winnt:notice] [pid 21300:tid 416] AH00455: Apache/2.4.58 (Win64) OpenSSL/3.1.3 PHP/8.0.30 configured -- resuming normal operations
[Mon Jan 13 10:35:18.726496 2025] [mpm_winnt:notice] [pid 21300:tid 416] AH00456: Apache Lounge VS17 Server built: Oct 18 2023 13:03:18
[Mon Jan 13 10:35:18.726496 2025] [core:notice] [pid 21300:tid 416] AH00094: Command line: 'c:\\xampp\\apache\\bin\\httpd.exe -d C:/xampp/apache'
[Mon Jan 13 10:35:18.731538 2025] [mpm_winnt:notice] [pid 21300:tid 416] AH00418: Parent: Created child process 7096
[Mon Jan 13 10:35:19.191772 2025] [ssl:warn] [pid 7096:tid 400] AH01909: www.example.com:443:0 server certificate does NOT include an ID which matches the server name
[Mon Jan 13 10:35:19.230706 2025] [ssl:warn] [pid 7096:tid 400] AH01909: www.example.com:443:0 server certificate does NOT include an ID which matches the server name
[Mon Jan 13 10:35:19.253940 2025] [mpm_winnt:notice] [pid 7096:tid 400] AH00354: Child: Starting 150 worker threads.
[Mon Jan 13 10:54:02.788365 2025] [ssl:warn] [pid 19752:tid 412] AH01909: www.example.com:443:0 server certificate does NOT include an ID which matches the server name
[Mon Jan 13 10:54:02.835118 2025] [core:warn] [pid 19752:tid 412] AH00098: pid file C:/xampp/apache/logs/httpd.pid overwritten -- Unclean shutdown of previous Apache run?
[Mon Jan 13 10:54:02.837638 2025] [ssl:warn] [pid 19752:tid 412] AH01909: www.example.com:443:0 server certificate does NOT include an ID which matches the server name
[Mon Jan 13 10:54:02.864189 2025] [mpm_winnt:notice] [pid 19752:tid 412] AH00455: Apache/2.4.58 (Win64) OpenSSL/3.1.3 PHP/8.0.30 configured -- resuming normal operations
[Mon Jan 13 10:54:02.864189 2025] [mpm_winnt:notice] [pid 19752:tid 412] AH00456: Apache Lounge VS17 Server built: Oct 18 2023 13:03:18
[Mon Jan 13 10:54:02.864189 2025] [core:notice] [pid 19752:tid 412] AH00094: Command line: 'c:\\xampp\\apache\\bin\\httpd.exe -d C:/xampp/apache'
[Mon Jan 13 10:54:02.868704 2025] [mpm_winnt:notice] [pid 19752:tid 412] AH00418: Parent: Created child process 9492
[Mon Jan 13 10:54:03.379183 2025] [ssl:warn] [pid 9492:tid 440] AH01909: www.example.com:443:0 server certificate does NOT include an ID which matches the server name
[Mon Jan 13 10:54:03.414985 2025] [ssl:warn] [pid 9492:tid 440] AH01909: www.example.com:443:0 server certificate does NOT include an ID which matches the server name
[Mon Jan 13 10:54:03.437553 2025] [mpm_winnt:notice] [pid 9492:tid 440] AH00354: Child: Starting 150 worker threads.
[Mon Jan 13 11:32:13.226646 2025] [ssl:warn] [pid 15724:tid 388] AH01909: www.example.com:443:0 server certificate does NOT include an ID which matches the server name
[Mon Jan 13 11:32:13.368708 2025] [core:warn] [pid 15724:tid 388] AH00098: pid file C:/xampp/apache/logs/httpd.pid overwritten -- Unclean shutdown of previous Apache run?
[Mon Jan 13 11:32:13.374708 2025] [ssl:warn] [pid 15724:tid 388] AH01909: www.example.com:443:0 server certificate does NOT include an ID which matches the server name
[Mon Jan 13 11:32:14.270359 2025] [mpm_winnt:notice] [pid 15724:tid 388] AH00455: Apache/2.4.58 (Win64) OpenSSL/3.1.3 PHP/8.0.30 configured -- resuming normal operations
[Mon Jan 13 11:32:14.270359 2025] [mpm_winnt:notice] [pid 15724:tid 388] AH00456: Apache Lounge VS17 Server built: Oct 18 2023 13:03:18
[Mon Jan 13 11:32:14.270359 2025] [core:notice] [pid 15724:tid 388] AH00094: Command line: 'c:\\xampp\\apache\\bin\\httpd.exe -d C:/xampp/apache'
[Mon Jan 13 11:32:14.286360 2025] [mpm_winnt:notice] [pid 15724:tid 388] AH00418: Parent: Created child process 15748
[Mon Jan 13 11:32:15.494806 2025] [ssl:warn] [pid 15748:tid 184] AH01909: www.example.com:443:0 server certificate does NOT include an ID which matches the server name
[Mon Jan 13 11:32:15.592349 2025] [ssl:warn] [pid 15748:tid 184] AH01909: www.example.com:443:0 server certificate does NOT include an ID which matches the server name
[Mon Jan 13 11:32:15.649887 2025] [mpm_winnt:notice] [pid 15748:tid 184] AH00354: Child: Starting 150 worker threads.
[Mon Jan 13 11:43:30.444946 2025] [mpm_winnt:crit] [pid 15748:tid 184] AH02538: Child: Parent process exited abruptly. Child process is ending
[Mon Jan 13 11:47:57.765074 2025] [ssl:warn] [pid 6716:tid 388] AH01909: www.example.com:443:0 server certificate does NOT include an ID which matches the server name
[Mon Jan 13 11:47:57.805317 2025] [core:warn] [pid 6716:tid 388] AH00098: pid file C:/xampp/apache/logs/httpd.pid overwritten -- Unclean shutdown of previous Apache run?
[Mon Jan 13 11:47:57.808317 2025] [ssl:warn] [pid 6716:tid 388] AH01909: www.example.com:443:0 server certificate does NOT include an ID which matches the server name
[Mon Jan 13 11:47:58.095217 2025] [mpm_winnt:notice] [pid 6716:tid 388] AH00455: Apache/2.4.58 (Win64) OpenSSL/3.1.3 PHP/8.0.30 configured -- resuming normal operations
[Mon Jan 13 11:47:58.095217 2025] [mpm_winnt:notice] [pid 6716:tid 388] AH00456: Apache Lounge VS17 Server built: Oct 18 2023 13:03:18
[Mon Jan 13 11:47:58.095217 2025] [core:notice] [pid 6716:tid 388] AH00094: Command line: 'c:\\xampp\\apache\\bin\\httpd.exe -d C:/xampp/apache'
[Mon Jan 13 11:47:58.098221 2025] [mpm_winnt:notice] [pid 6716:tid 388] AH00418: Parent: Created child process 4160
[Mon Jan 13 11:47:58.429608 2025] [ssl:warn] [pid 4160:tid 392] AH01909: www.example.com:443:0 server certificate does NOT include an ID which matches the server name
[Mon Jan 13 11:47:58.462622 2025] [ssl:warn] [pid 4160:tid 392] AH01909: www.example.com:443:0 server certificate does NOT include an ID which matches the server name
[Mon Jan 13 11:47:58.483120 2025] [mpm_winnt:notice] [pid 4160:tid 392] AH00354: Child: Starting 150 worker threads.
[Mon Jan 13 12:08:15.541208 2025] [mpm_winnt:crit] [pid 4160:tid 392] AH02538: Child: Parent process exited abruptly. Child process is ending
[Mon Jan 13 17:24:31.038149 2025] [ssl:warn] [pid 10292:tid 388] AH01909: www.example.com:443:0 server certificate does NOT include an ID which matches the server name
[Mon Jan 13 17:24:31.091525 2025] [core:warn] [pid 10292:tid 388] AH00098: pid file C:/xampp/apache/logs/httpd.pid overwritten -- Unclean shutdown of previous Apache run?
[Mon Jan 13 17:24:31.095524 2025] [ssl:warn] [pid 10292:tid 388] AH01909: www.example.com:443:0 server certificate does NOT include an ID which matches the server name
[Mon Jan 13 17:24:31.440799 2025] [mpm_winnt:notice] [pid 10292:tid 388] AH00455: Apache/2.4.58 (Win64) OpenSSL/3.1.3 PHP/8.0.30 configured -- resuming normal operations
[Mon Jan 13 17:24:31.440799 2025] [mpm_winnt:notice] [pid 10292:tid 388] AH00456: Apache Lounge VS17 Server built: Oct 18 2023 13:03:18
[Mon Jan 13 17:24:31.440799 2025] [core:notice] [pid 10292:tid 388] AH00094: Command line: 'c:\\xampp\\apache\\bin\\httpd.exe -d C:/xampp/apache'
[Mon Jan 13 17:24:31.444799 2025] [mpm_winnt:notice] [pid 10292:tid 388] AH00418: Parent: Created child process 18576
[Mon Jan 13 17:24:31.833459 2025] [ssl:warn] [pid 18576:tid 376] AH01909: www.example.com:443:0 server certificate does NOT include an ID which matches the server name
[Mon Jan 13 17:24:31.864321 2025] [ssl:warn] [pid 18576:tid 376] AH01909: www.example.com:443:0 server certificate does NOT include an ID which matches the server name
[Mon Jan 13 17:24:31.890332 2025] [mpm_winnt:notice] [pid 18576:tid 376] AH00354: Child: Starting 150 worker threads.
[Tue Jan 14 09:39:12.265667 2025] [ssl:warn] [pid 7204:tid 372] AH01909: www.example.com:443:0 server certificate does NOT include an ID which matches the server name
[Tue Jan 14 09:39:12.301114 2025] [core:warn] [pid 7204:tid 372] AH00098: pid file C:/xampp/apache/logs/httpd.pid overwritten -- Unclean shutdown of previous Apache run?
[Tue Jan 14 09:39:12.303123 2025] [ssl:warn] [pid 7204:tid 372] AH01909: www.example.com:443:0 server certificate does NOT include an ID which matches the server name
[Tue Jan 14 09:39:12.345915 2025] [mpm_winnt:notice] [pid 7204:tid 372] AH00455: Apache/2.4.58 (Win64) OpenSSL/3.1.3 PHP/8.0.30 configured -- resuming normal operations
[Tue Jan 14 09:39:12.345915 2025] [mpm_winnt:notice] [pid 7204:tid 372] AH00456: Apache Lounge VS17 Server built: Oct 18 2023 13:03:18
[Tue Jan 14 09:39:12.345915 2025] [core:notice] [pid 7204:tid 372] AH00094: Command line: 'c:\\xampp\\apache\\bin\\httpd.exe -d C:/xampp/apache'
[Tue Jan 14 09:39:12.349938 2025] [mpm_winnt:notice] [pid 7204:tid 372] AH00418: Parent: Created child process 4744
[Tue Jan 14 09:39:12.678269 2025] [ssl:warn] [pid 4744:tid 388] AH01909: www.example.com:443:0 server certificate does NOT include an ID which matches the server name
[Tue Jan 14 09:39:12.711783 2025] [ssl:warn] [pid 4744:tid 388] AH01909: www.example.com:443:0 server certificate does NOT include an ID which matches the server name
[Tue Jan 14 09:39:12.734783 2025] [mpm_winnt:notice] [pid 4744:tid 388] AH00354: Child: Starting 150 worker threads.
[Tue Jan 14 10:52:29.700885 2025] [ssl:warn] [pid 2820:tid 372] AH01909: www.example.com:443:0 server certificate does NOT include an ID which matches the server name
[Tue Jan 14 10:52:29.783611 2025] [core:warn] [pid 2820:tid 372] AH00098: pid file C:/xampp/apache/logs/httpd.pid overwritten -- Unclean shutdown of previous Apache run?
[Tue Jan 14 10:52:29.788614 2025] [ssl:warn] [pid 2820:tid 372] AH01909: www.example.com:443:0 server certificate does NOT include an ID which matches the server name
[Tue Jan 14 10:52:29.884363 2025] [mpm_winnt:notice] [pid 2820:tid 372] AH00455: Apache/2.4.58 (Win64) OpenSSL/3.1.3 PHP/8.0.30 configured -- resuming normal operations
[Tue Jan 14 10:52:29.884363 2025] [mpm_winnt:notice] [pid 2820:tid 372] AH00456: Apache Lounge VS17 Server built: Oct 18 2023 13:03:18
[Tue Jan 14 10:52:29.884363 2025] [core:notice] [pid 2820:tid 372] AH00094: Command line: 'c:\\xampp\\apache\\bin\\httpd.exe -d C:/xampp/apache'
[Tue Jan 14 10:52:29.889358 2025] [mpm_winnt:notice] [pid 2820:tid 372] AH00418: Parent: Created child process 13488
[Tue Jan 14 10:52:30.746928 2025] [ssl:warn] [pid 13488:tid 380] AH01909: www.example.com:443:0 server certificate does NOT include an ID which matches the server name
[Tue Jan 14 10:52:30.827678 2025] [ssl:warn] [pid 13488:tid 380] AH01909: www.example.com:443:0 server certificate does NOT include an ID which matches the server name
[Tue Jan 14 10:52:30.880310 2025] [mpm_winnt:notice] [pid 13488:tid 380] AH00354: Child: Starting 150 worker threads.
[Tue Jan 14 11:41:09.884315 2025] [ssl:warn] [pid 5824:tid 380] AH01909: www.example.com:443:0 server certificate does NOT include an ID which matches the server name
[Tue Jan 14 11:41:09.919084 2025] [core:warn] [pid 5824:tid 380] AH00098: pid file C:/xampp/apache/logs/httpd.pid overwritten -- Unclean shutdown of previous Apache run?
[Tue Jan 14 11:41:09.919084 2025] [ssl:warn] [pid 5824:tid 380] AH01909: www.example.com:443:0 server certificate does NOT include an ID which matches the server name
[Tue Jan 14 11:41:10.295928 2025] [mpm_winnt:notice] [pid 5824:tid 380] AH00455: Apache/2.4.58 (Win64) OpenSSL/3.1.3 PHP/8.0.30 configured -- resuming normal operations
[Tue Jan 14 11:41:10.295928 2025] [mpm_winnt:notice] [pid 5824:tid 380] AH00456: Apache Lounge VS17 Server built: Oct 18 2023 13:03:18
[Tue Jan 14 11:41:10.295928 2025] [core:notice] [pid 5824:tid 380] AH00094: Command line: 'c:\\xampp\\apache\\bin\\httpd.exe -d C:/xampp/apache'
[Tue Jan 14 11:41:10.295928 2025] [mpm_winnt:notice] [pid 5824:tid 380] AH00418: Parent: Created child process 10036
[Tue Jan 14 11:41:10.719860 2025] [ssl:warn] [pid 10036:tid 368] AH01909: www.example.com:443:0 server certificate does NOT include an ID which matches the server name
[Tue Jan 14 11:41:10.751111 2025] [ssl:warn] [pid 10036:tid 368] AH01909: www.example.com:443:0 server certificate does NOT include an ID which matches the server name
[Tue Jan 14 11:41:10.786373 2025] [mpm_winnt:notice] [pid 10036:tid 368] AH00354: Child: Starting 150 worker threads.
[Tue Jan 14 11:42:09.161187 2025] [ssl:warn] [pid 4852:tid 372] AH01909: www.example.com:443:0 server certificate does NOT include an ID which matches the server name
[Tue Jan 14 11:42:09.237518 2025] [core:warn] [pid 4852:tid 372] AH00098: pid file C:/xampp/apache/logs/httpd.pid overwritten -- Unclean shutdown of previous Apache run?
[Tue Jan 14 11:42:09.243056 2025] [ssl:warn] [pid 4852:tid 372] AH01909: www.example.com:443:0 server certificate does NOT include an ID which matches the server name
[Tue Jan 14 11:42:09.980050 2025] [mpm_winnt:notice] [pid 4852:tid 372] AH00455: Apache/2.4.58 (Win64) OpenSSL/3.1.3 PHP/8.0.30 configured -- resuming normal operations
[Tue Jan 14 11:42:09.980050 2025] [mpm_winnt:notice] [pid 4852:tid 372] AH00456: Apache Lounge VS17 Server built: Oct 18 2023 13:03:18
[Tue Jan 14 11:42:09.980050 2025] [core:notice] [pid 4852:tid 372] AH00094: Command line: 'c:\\xampp\\apache\\bin\\httpd.exe -d C:/xampp/apache'
[Tue Jan 14 11:42:09.987066 2025] [mpm_winnt:notice] [pid 4852:tid 372] AH00418: Parent: Created child process 12028
[Tue Jan 14 11:42:11.185448 2025] [ssl:warn] [pid 12028:tid 368] AH01909: www.example.com:443:0 server certificate does NOT include an ID which matches the server name
[Tue Jan 14 11:42:11.266741 2025] [ssl:warn] [pid 12028:tid 368] AH01909: www.example.com:443:0 server certificate does NOT include an ID which matches the server name
[Tue Jan 14 11:42:11.330501 2025] [mpm_winnt:notice] [pid 12028:tid 368] AH00354: Child: Starting 150 worker threads.
[Tue Jan 14 18:05:02.242326 2025] [ssl:warn] [pid 16468:tid 208] AH01909: www.example.com:443:0 server certificate does NOT include an ID which matches the server name
[Tue Jan 14 18:05:02.290576 2025] [core:warn] [pid 16468:tid 208] AH00098: pid file C:/xampp/apache/logs/httpd.pid overwritten -- Unclean shutdown of previous Apache run?
[Tue Jan 14 18:05:02.294572 2025] [ssl:warn] [pid 16468:tid 208] AH01909: www.example.com:443:0 server certificate does NOT include an ID which matches the server name
[Tue Jan 14 18:05:02.741685 2025] [mpm_winnt:notice] [pid 16468:tid 208] AH00455: Apache/2.4.58 (Win64) OpenSSL/3.1.3 PHP/8.0.30 configured -- resuming normal operations
[Tue Jan 14 18:05:02.741685 2025] [mpm_winnt:notice] [pid 16468:tid 208] AH00456: Apache Lounge VS17 Server built: Oct 18 2023 13:03:18
[Tue Jan 14 18:05:02.741685 2025] [core:notice] [pid 16468:tid 208] AH00094: Command line: 'c:\\xampp\\apache\\bin\\httpd.exe -d C:/xampp/apache'
[Tue Jan 14 18:05:02.746686 2025] [mpm_winnt:notice] [pid 16468:tid 208] AH00418: Parent: Created child process 18612
[Tue Jan 14 18:05:03.420466 2025] [ssl:warn] [pid 18612:tid 396] AH01909: www.example.com:443:0 server certificate does NOT include an ID which matches the server name
[Tue Jan 14 18:05:03.470480 2025] [ssl:warn] [pid 18612:tid 396] AH01909: www.example.com:443:0 server certificate does NOT include an ID which matches the server name
[Tue Jan 14 18:05:03.504002 2025] [mpm_winnt:notice] [pid 18612:tid 396] AH00354: Child: Starting 150 worker threads.
[Wed Jan 15 09:40:26.531248 2025] [ssl:warn] [pid 21228:tid 388] AH01909: www.example.com:443:0 server certificate does NOT include an ID which matches the server name
[Wed Jan 15 09:40:26.568251 2025] [core:warn] [pid 21228:tid 388] AH00098: pid file C:/xampp/apache/logs/httpd.pid overwritten -- Unclean shutdown of previous Apache run?
[Wed Jan 15 09:40:26.571251 2025] [ssl:warn] [pid 21228:tid 388] AH01909: www.example.com:443:0 server certificate does NOT include an ID which matches the server name
[Wed Jan 15 09:40:26.966341 2025] [mpm_winnt:notice] [pid 21228:tid 388] AH00455: Apache/2.4.58 (Win64) OpenSSL/3.1.3 PHP/8.0.30 configured -- resuming normal operations
[Wed Jan 15 09:40:26.966341 2025] [mpm_winnt:notice] [pid 21228:tid 388] AH00456: Apache Lounge VS17 Server built: Oct 18 2023 13:03:18
[Wed Jan 15 09:40:26.966341 2025] [core:notice] [pid 21228:tid 388] AH00094: Command line: 'c:\\xampp\\apache\\bin\\httpd.exe -d C:/xampp/apache'
[Wed Jan 15 09:40:26.971339 2025] [mpm_winnt:notice] [pid 21228:tid 388] AH00418: Parent: Created child process 13016
[Wed Jan 15 09:40:27.346434 2025] [ssl:warn] [pid 13016:tid 392] AH01909: www.example.com:443:0 server certificate does NOT include an ID which matches the server name
[Wed Jan 15 09:40:27.394434 2025] [ssl:warn] [pid 13016:tid 392] AH01909: www.example.com:443:0 server certificate does NOT include an ID which matches the server name
[Wed Jan 15 09:40:27.421446 2025] [mpm_winnt:notice] [pid 13016:tid 392] AH00354: Child: Starting 150 worker threads.
[Wed Jan 15 20:52:13.279985 2025] [ssl:warn] [pid 15168:tid 380] AH01909: www.example.com:443:0 server certificate does NOT include an ID which matches the server name
[Wed Jan 15 20:52:13.320039 2025] [core:warn] [pid 15168:tid 380] AH00098: pid file C:/xampp/apache/logs/httpd.pid overwritten -- Unclean shutdown of previous Apache run?
[Wed Jan 15 20:52:13.322993 2025] [ssl:warn] [pid 15168:tid 380] AH01909: www.example.com:443:0 server certificate does NOT include an ID which matches the server name
[Wed Jan 15 20:52:13.662039 2025] [mpm_winnt:notice] [pid 15168:tid 380] AH00455: Apache/2.4.58 (Win64) OpenSSL/3.1.3 PHP/8.0.30 configured -- resuming normal operations
[Wed Jan 15 20:52:13.662039 2025] [mpm_winnt:notice] [pid 15168:tid 380] AH00456: Apache Lounge VS17 Server built: Oct 18 2023 13:03:18
[Wed Jan 15 20:52:13.662039 2025] [core:notice] [pid 15168:tid 380] AH00094: Command line: 'c:\\xampp\\apache\\bin\\httpd.exe -d C:/xampp/apache'
[Wed Jan 15 20:52:13.665040 2025] [mpm_winnt:notice] [pid 15168:tid 380] AH00418: Parent: Created child process 9452
[Wed Jan 15 20:52:14.026060 2025] [ssl:warn] [pid 9452:tid 384] AH01909: www.example.com:443:0 server certificate does NOT include an ID which matches the server name
[Wed Jan 15 20:52:14.070418 2025] [ssl:warn] [pid 9452:tid 384] AH01909: www.example.com:443:0 server certificate does NOT include an ID which matches the server name
[Wed Jan 15 20:52:14.094027 2025] [mpm_winnt:notice] [pid 9452:tid 384] AH00354: Child: Starting 150 worker threads.
[Fri Jan 17 12:02:50.641482 2025] [ssl:warn] [pid 10132:tid 376] AH01909: www.example.com:443:0 server certificate does NOT include an ID which matches the server name
[Fri Jan 17 12:02:50.676516 2025] [core:warn] [pid 10132:tid 376] AH00098: pid file C:/xampp/apache/logs/httpd.pid overwritten -- Unclean shutdown of previous Apache run?
[Fri Jan 17 12:02:50.680023 2025] [ssl:warn] [pid 10132:tid 376] AH01909: www.example.com:443:0 server certificate does NOT include an ID which matches the server name
[Fri Jan 17 12:02:51.048054 2025] [mpm_winnt:notice] [pid 10132:tid 376] AH00455: Apache/2.4.58 (Win64) OpenSSL/3.1.3 PHP/8.0.30 configured -- resuming normal operations
[Fri Jan 17 12:02:51.048054 2025] [mpm_winnt:notice] [pid 10132:tid 376] AH00456: Apache Lounge VS17 Server built: Oct 18 2023 13:03:18
[Fri Jan 17 12:02:51.048054 2025] [core:notice] [pid 10132:tid 376] AH00094: Command line: 'c:\\xampp\\apache\\bin\\httpd.exe -d C:/xampp/apache'
[Fri Jan 17 12:02:51.051053 2025] [mpm_winnt:notice] [pid 10132:tid 376] AH00418: Parent: Created child process 20952
[Fri Jan 17 12:02:51.469721 2025] [ssl:warn] [pid 20952:tid 388] AH01909: www.example.com:443:0 server certificate does NOT include an ID which matches the server name
[Fri Jan 17 12:02:51.514282 2025] [ssl:warn] [pid 20952:tid 388] AH01909: www.example.com:443:0 server certificate does NOT include an ID which matches the server name
[Fri Jan 17 12:02:51.543314 2025] [mpm_winnt:notice] [pid 20952:tid 388] AH00354: Child: Starting 150 worker threads.
[Fri Jan 17 12:28:56.942912 2025] [ssl:warn] [pid 18540:tid 408] AH01909: www.example.com:443:0 server certificate does NOT include an ID which matches the server name
[Fri Jan 17 12:28:56.979499 2025] [core:warn] [pid 18540:tid 408] AH00098: pid file C:/xampp/apache/logs/httpd.pid overwritten -- Unclean shutdown of previous Apache run?
[Fri Jan 17 12:28:56.982496 2025] [ssl:warn] [pid 18540:tid 408] AH01909: www.example.com:443:0 server certificate does NOT include an ID which matches the server name
[Fri Jan 17 12:28:57.450602 2025] [mpm_winnt:notice] [pid 18540:tid 408] AH00455: Apache/2.4.58 (Win64) OpenSSL/3.1.3 PHP/8.0.30 configured -- resuming normal operations
[Fri Jan 17 12:28:57.450602 2025] [mpm_winnt:notice] [pid 18540:tid 408] AH00456: Apache Lounge VS17 Server built: Oct 18 2023 13:03:18
[Fri Jan 17 12:28:57.450602 2025] [core:notice] [pid 18540:tid 408] AH00094: Command line: 'c:\\xampp\\apache\\bin\\httpd.exe -d C:/xampp/apache'
[Fri Jan 17 12:28:57.453621 2025] [mpm_winnt:notice] [pid 18540:tid 408] AH00418: Parent: Created child process 9384
[Fri Jan 17 12:28:57.807166 2025] [ssl:warn] [pid 9384:tid 392] AH01909: www.example.com:443:0 server certificate does NOT include an ID which matches the server name
[Fri Jan 17 12:28:57.842813 2025] [ssl:warn] [pid 9384:tid 392] AH01909: www.example.com:443:0 server certificate does NOT include an ID which matches the server name
[Fri Jan 17 12:28:57.865819 2025] [mpm_winnt:notice] [pid 9384:tid 392] AH00354: Child: Starting 150 worker threads.
[Fri Jan 17 16:38:06.808629 2025] [ssl:warn] [pid 19908:tid 404] AH01909: www.example.com:443:0 server certificate does NOT include an ID which matches the server name
[Fri Jan 17 16:38:06.872286 2025] [core:warn] [pid 19908:tid 404] AH00098: pid file C:/xampp/apache/logs/httpd.pid overwritten -- Unclean shutdown of previous Apache run?
[Fri Jan 17 16:38:06.878345 2025] [ssl:warn] [pid 19908:tid 404] AH01909: www.example.com:443:0 server certificate does NOT include an ID which matches the server name
[Fri Jan 17 16:38:07.429343 2025] [mpm_winnt:notice] [pid 19908:tid 404] AH00455: Apache/2.4.58 (Win64) OpenSSL/3.1.3 PHP/8.0.30 configured -- resuming normal operations
[Fri Jan 17 16:38:07.429343 2025] [mpm_winnt:notice] [pid 19908:tid 404] AH00456: Apache Lounge VS17 Server built: Oct 18 2023 13:03:18
[Fri Jan 17 16:38:07.429343 2025] [core:notice] [pid 19908:tid 404] AH00094: Command line: 'c:\\xampp\\apache\\bin\\httpd.exe -d C:/xampp/apache'
[Fri Jan 17 16:38:07.435334 2025] [mpm_winnt:notice] [pid 19908:tid 404] AH00418: Parent: Created child process 12788
[Fri Jan 17 16:38:08.108448 2025] [ssl:warn] [pid 12788:tid 396] AH01909: www.example.com:443:0 server certificate does NOT include an ID which matches the server name
[Fri Jan 17 16:38:08.169245 2025] [ssl:warn] [pid 12788:tid 396] AH01909: www.example.com:443:0 server certificate does NOT include an ID which matches the server name
[Fri Jan 17 16:38:08.212052 2025] [mpm_winnt:notice] [pid 12788:tid 396] AH00354: Child: Starting 150 worker threads.
[Sun Jan 19 17:40:58.770226 2025] [ssl:warn] [pid 19712:tid 384] AH01909: www.example.com:443:0 server certificate does NOT include an ID which matches the server name
[Sun Jan 19 17:40:58.810807 2025] [core:warn] [pid 19712:tid 384] AH00098: pid file C:/xampp/apache/logs/httpd.pid overwritten -- Unclean shutdown of previous Apache run?
[Sun Jan 19 17:40:58.814828 2025] [ssl:warn] [pid 19712:tid 384] AH01909: www.example.com:443:0 server certificate does NOT include an ID which matches the server name
[Sun Jan 19 17:40:59.226689 2025] [mpm_winnt:notice] [pid 19712:tid 384] AH00455: Apache/2.4.58 (Win64) OpenSSL/3.1.3 PHP/8.0.30 configured -- resuming normal operations
[Sun Jan 19 17:40:59.226689 2025] [mpm_winnt:notice] [pid 19712:tid 384] AH00456: Apache Lounge VS17 Server built: Oct 18 2023 13:03:18
[Sun Jan 19 17:40:59.226689 2025] [core:notice] [pid 19712:tid 384] AH00094: Command line: 'c:\\xampp\\apache\\bin\\httpd.exe -d C:/xampp/apache'
[Sun Jan 19 17:40:59.230643 2025] [mpm_winnt:notice] [pid 19712:tid 384] AH00418: Parent: Created child process 14428
[Sun Jan 19 17:40:59.759990 2025] [ssl:warn] [pid 14428:tid 384] AH01909: www.example.com:443:0 server certificate does NOT include an ID which matches the server name
[Sun Jan 19 17:40:59.809184 2025] [ssl:warn] [pid 14428:tid 384] AH01909: www.example.com:443:0 server certificate does NOT include an ID which matches the server name
[Sun Jan 19 17:40:59.849358 2025] [mpm_winnt:notice] [pid 14428:tid 384] AH00354: Child: Starting 150 worker threads.
[Mon Jan 20 09:11:08.950096 2025] [ssl:warn] [pid 7760:tid 372] AH01909: www.example.com:443:0 server certificate does NOT include an ID which matches the server name
[Mon Jan 20 09:11:09.047756 2025] [core:warn] [pid 7760:tid 372] AH00098: pid file C:/xampp/apache/logs/httpd.pid overwritten -- Unclean shutdown of previous Apache run?
[Mon Jan 20 09:11:09.054284 2025] [ssl:warn] [pid 7760:tid 372] AH01909: www.example.com:443:0 server certificate does NOT include an ID which matches the server name
[Mon Jan 20 09:11:09.225278 2025] [mpm_winnt:notice] [pid 7760:tid 372] AH00455: Apache/2.4.58 (Win64) OpenSSL/3.1.3 PHP/8.0.30 configured -- resuming normal operations
[Mon Jan 20 09:11:09.225278 2025] [mpm_winnt:notice] [pid 7760:tid 372] AH00456: Apache Lounge VS17 Server built: Oct 18 2023 13:03:18
[Mon Jan 20 09:11:09.225278 2025] [core:notice] [pid 7760:tid 372] AH00094: Command line: 'c:\\xampp\\apache\\bin\\httpd.exe -d C:/xampp/apache'
[Mon Jan 20 09:11:09.244817 2025] [mpm_winnt:notice] [pid 7760:tid 372] AH00418: Parent: Created child process 11444
[Mon Jan 20 09:11:10.125383 2025] [ssl:warn] [pid 11444:tid 372] AH01909: www.example.com:443:0 server certificate does NOT include an ID which matches the server name
[Mon Jan 20 09:11:10.193709 2025] [ssl:warn] [pid 11444:tid 372] AH01909: www.example.com:443:0 server certificate does NOT include an ID which matches the server name
[Mon Jan 20 09:11:10.233718 2025] [mpm_winnt:notice] [pid 11444:tid 372] AH00354: Child: Starting 150 worker threads.
[Mon Jan 20 14:32:10.643184 2025] [ssl:warn] [pid 4984:tid 388] AH01909: www.example.com:443:0 server certificate does NOT include an ID which matches the server name
[Mon Jan 20 14:32:10.677683 2025] [core:warn] [pid 4984:tid 388] AH00098: pid file C:/xampp/apache/logs/httpd.pid overwritten -- Unclean shutdown of previous Apache run?
[Mon Jan 20 14:32:10.680693 2025] [ssl:warn] [pid 4984:tid 388] AH01909: www.example.com:443:0 server certificate does NOT include an ID which matches the server name
[Mon Jan 20 14:32:11.014770 2025] [mpm_winnt:notice] [pid 4984:tid 388] AH00455: Apache/2.4.58 (Win64) OpenSSL/3.1.3 PHP/8.0.30 configured -- resuming normal operations
[Mon Jan 20 14:32:11.014770 2025] [mpm_winnt:notice] [pid 4984:tid 388] AH00456: Apache Lounge VS17 Server built: Oct 18 2023 13:03:18
[Mon Jan 20 14:32:11.014770 2025] [core:notice] [pid 4984:tid 388] AH00094: Command line: 'c:\\xampp\\apache\\bin\\httpd.exe -d C:/xampp/apache'
[Mon Jan 20 14:32:11.018758 2025] [mpm_winnt:notice] [pid 4984:tid 388] AH00418: Parent: Created child process 17920
[Mon Jan 20 14:32:11.404899 2025] [ssl:warn] [pid 17920:tid 396] AH01909: www.example.com:443:0 server certificate does NOT include an ID which matches the server name
[Mon Jan 20 14:32:11.443968 2025] [ssl:warn] [pid 17920:tid 396] AH01909: www.example.com:443:0 server certificate does NOT include an ID which matches the server name
[Mon Jan 20 14:32:11.467513 2025] [mpm_winnt:notice] [pid 17920:tid 396] AH00354: Child: Starting 150 worker threads.
[Tue Jan 21 08:27:47.914717 2025] [ssl:warn] [pid 11352:tid 388] AH01909: www.example.com:443:0 server certificate does NOT include an ID which matches the server name
[Tue Jan 21 08:27:47.990717 2025] [core:warn] [pid 11352:tid 388] AH00098: pid file C:/xampp/apache/logs/httpd.pid overwritten -- Unclean shutdown of previous Apache run?
[Tue Jan 21 08:27:47.990717 2025] [ssl:warn] [pid 11352:tid 388] AH01909: www.example.com:443:0 server certificate does NOT include an ID which matches the server name
[Tue Jan 21 08:27:48.080226 2025] [mpm_winnt:notice] [pid 11352:tid 388] AH00455: Apache/2.4.58 (Win64) OpenSSL/3.1.3 PHP/8.0.30 configured -- resuming normal operations
[Tue Jan 21 08:27:48.080226 2025] [mpm_winnt:notice] [pid 11352:tid 388] AH00456: Apache Lounge VS17 Server built: Oct 18 2023 13:03:18
[Tue Jan 21 08:27:48.080226 2025] [core:notice] [pid 11352:tid 388] AH00094: Command line: 'c:\\xampp\\apache\\bin\\httpd.exe -d C:/xampp/apache'
[Tue Jan 21 08:27:48.080226 2025] [mpm_winnt:notice] [pid 11352:tid 388] AH00418: Parent: Created child process 20452
[Tue Jan 21 08:27:48.831917 2025] [ssl:warn] [pid 20452:tid 388] AH01909: www.example.com:443:0 server certificate does NOT include an ID which matches the server name
[Tue Jan 21 08:27:48.902161 2025] [ssl:warn] [pid 20452:tid 388] AH01909: www.example.com:443:0 server certificate does NOT include an ID which matches the server name
[Tue Jan 21 08:27:48.944507 2025] [mpm_winnt:notice] [pid 20452:tid 388] AH00354: Child: Starting 150 worker threads.
[Tue Jan 21 12:22:01.710948 2025] [ssl:warn] [pid 1700:tid 412] AH01909: www.example.com:443:0 server certificate does NOT include an ID which matches the server name
[Tue Jan 21 12:22:01.855694 2025] [core:warn] [pid 1700:tid 412] AH00098: pid file C:/xampp/apache/logs/httpd.pid overwritten -- Unclean shutdown of previous Apache run?
[Tue Jan 21 12:22:01.867893 2025] [ssl:warn] [pid 1700:tid 412] AH01909: www.example.com:443:0 server certificate does NOT include an ID which matches the server name
[Tue Jan 21 12:22:03.036111 2025] [mpm_winnt:notice] [pid 1700:tid 412] AH00455: Apache/2.4.58 (Win64) OpenSSL/3.1.3 PHP/8.0.30 configured -- resuming normal operations
[Tue Jan 21 12:22:03.036111 2025] [mpm_winnt:notice] [pid 1700:tid 412] AH00456: Apache Lounge VS17 Server built: Oct 18 2023 13:03:18
[Tue Jan 21 12:22:03.036111 2025] [core:notice] [pid 1700:tid 412] AH00094: Command line: 'c:\\xampp\\apache\\bin\\httpd.exe -d C:/xampp/apache'
[Tue Jan 21 12:22:03.072389 2025] [mpm_winnt:notice] [pid 1700:tid 412] AH00418: Parent: Created child process 17192
[Tue Jan 21 12:22:05.307675 2025] [ssl:warn] [pid 17192:tid 372] AH01909: www.example.com:443:0 server certificate does NOT include an ID which matches the server name
[Tue Jan 21 12:22:05.487280 2025] [ssl:warn] [pid 17192:tid 372] AH01909: www.example.com:443:0 server certificate does NOT include an ID which matches the server name
[Tue Jan 21 12:22:05.610649 2025] [mpm_winnt:notice] [pid 17192:tid 372] AH00354: Child: Starting 150 worker threads.
[Wed Jan 22 07:41:29.765668 2025] [ssl:warn] [pid 13140:tid 388] AH01909: www.example.com:443:0 server certificate does NOT include an ID which matches the server name
[Wed Jan 22 07:41:29.837334 2025] [core:warn] [pid 13140:tid 388] AH00098: pid file C:/xampp/apache/logs/httpd.pid overwritten -- Unclean shutdown of previous Apache run?
[Wed Jan 22 07:41:29.842346 2025] [ssl:warn] [pid 13140:tid 388] AH01909: www.example.com:443:0 server certificate does NOT include an ID which matches the server name
[Wed Jan 22 07:41:29.922136 2025] [mpm_winnt:notice] [pid 13140:tid 388] AH00455: Apache/2.4.58 (Win64) OpenSSL/3.1.3 PHP/8.0.30 configured -- resuming normal operations
[Wed Jan 22 07:41:29.922136 2025] [mpm_winnt:notice] [pid 13140:tid 388] AH00456: Apache Lounge VS17 Server built: Oct 18 2023 13:03:18
[Wed Jan 22 07:41:29.922136 2025] [core:notice] [pid 13140:tid 388] AH00094: Command line: 'c:\\xampp\\apache\\bin\\httpd.exe -d C:/xampp/apache'
[Wed Jan 22 07:41:29.926625 2025] [mpm_winnt:notice] [pid 13140:tid 388] AH00418: Parent: Created child process 1944
[Wed Jan 22 07:41:30.489181 2025] [ssl:warn] [pid 1944:tid 376] AH01909: www.example.com:443:0 server certificate does NOT include an ID which matches the server name
[Wed Jan 22 07:41:30.558708 2025] [ssl:warn] [pid 1944:tid 376] AH01909: www.example.com:443:0 server certificate does NOT include an ID which matches the server name
[Wed Jan 22 07:41:30.597810 2025] [mpm_winnt:notice] [pid 1944:tid 376] AH00354: Child: Starting 150 worker threads.
[Thu Jan 23 18:07:27.406045 2025] [ssl:warn] [pid 15216:tid 384] AH01909: www.example.com:443:0 server certificate does NOT include an ID which matches the server name
[Thu Jan 23 18:07:27.465851 2025] [core:warn] [pid 15216:tid 384] AH00098: pid file C:/xampp/apache/logs/httpd.pid overwritten -- Unclean shutdown of previous Apache run?
[Thu Jan 23 18:07:27.469853 2025] [ssl:warn] [pid 15216:tid 384] AH01909: www.example.com:443:0 server certificate does NOT include an ID which matches the server name
[Thu Jan 23 18:07:27.902342 2025] [mpm_winnt:notice] [pid 15216:tid 384] AH00455: Apache/2.4.58 (Win64) OpenSSL/3.1.3 PHP/8.0.30 configured -- resuming normal operations
[Thu Jan 23 18:07:27.902342 2025] [mpm_winnt:notice] [pid 15216:tid 384] AH00456: Apache Lounge VS17 Server built: Oct 18 2023 13:03:18
[Thu Jan 23 18:07:27.902342 2025] [core:notice] [pid 15216:tid 384] AH00094: Command line: 'c:\\xampp\\apache\\bin\\httpd.exe -d C:/xampp/apache'
[Thu Jan 23 18:07:27.906342 2025] [mpm_winnt:notice] [pid 15216:tid 384] AH00418: Parent: Created child process 8760
[Thu Jan 23 18:07:28.514138 2025] [ssl:warn] [pid 8760:tid 368] AH01909: www.example.com:443:0 server certificate does NOT include an ID which matches the server name
[Thu Jan 23 18:07:28.561056 2025] [ssl:warn] [pid 8760:tid 368] AH01909: www.example.com:443:0 server certificate does NOT include an ID which matches the server name
[Thu Jan 23 18:07:28.607947 2025] [mpm_winnt:notice] [pid 8760:tid 368] AH00354: Child: Starting 150 worker threads.
[Fri Jan 31 08:27:28.717401 2025] [ssl:warn] [pid 21572:tid 396] AH01909: www.example.com:443:0 server certificate does NOT include an ID which matches the server name
[Fri Jan 31 08:27:28.751972 2025] [core:warn] [pid 21572:tid 396] AH00098: pid file C:/xampp/apache/logs/httpd.pid overwritten -- Unclean shutdown of previous Apache run?
[Fri Jan 31 08:27:28.753970 2025] [ssl:warn] [pid 21572:tid 396] AH01909: www.example.com:443:0 server certificate does NOT include an ID which matches the server name
[Fri Jan 31 08:27:28.793981 2025] [mpm_winnt:notice] [pid 21572:tid 396] AH00455: Apache/2.4.58 (Win64) OpenSSL/3.1.3 PHP/8.0.30 configured -- resuming normal operations
[Fri Jan 31 08:27:28.793981 2025] [mpm_winnt:notice] [pid 21572:tid 396] AH00456: Apache Lounge VS17 Server built: Oct 18 2023 13:03:18
[Fri Jan 31 08:27:28.793981 2025] [core:notice] [pid 21572:tid 396] AH00094: Command line: 'c:\\xampp\\apache\\bin\\httpd.exe -d C:/xampp/apache'
[Fri Jan 31 08:27:28.796944 2025] [mpm_winnt:notice] [pid 21572:tid 396] AH00418: Parent: Created child process 13292
[Fri Jan 31 08:27:29.251591 2025] [ssl:warn] [pid 13292:tid 388] AH01909: www.example.com:443:0 server certificate does NOT include an ID which matches the server name
[Fri Jan 31 08:27:29.287591 2025] [ssl:warn] [pid 13292:tid 388] AH01909: www.example.com:443:0 server certificate does NOT include an ID which matches the server name
[Fri Jan 31 08:27:29.309591 2025] [mpm_winnt:notice] [pid 13292:tid 388] AH00354: Child: Starting 150 worker threads.
[Wed Feb 05 17:54:16.561068 2025] [ssl:warn] [pid 9776:tid 396] AH01909: www.example.com:443:0 server certificate does NOT include an ID which matches the server name
[Wed Feb 05 17:54:16.598691 2025] [core:warn] [pid 9776:tid 396] AH00098: pid file C:/xampp/apache/logs/httpd.pid overwritten -- Unclean shutdown of previous Apache run?
[Wed Feb 05 17:54:16.601690 2025] [ssl:warn] [pid 9776:tid 396] AH01909: www.example.com:443:0 server certificate does NOT include an ID which matches the server name
[Wed Feb 05 17:54:16.970920 2025] [mpm_winnt:notice] [pid 9776:tid 396] AH00455: Apache/2.4.58 (Win64) OpenSSL/3.1.3 PHP/8.0.30 configured -- resuming normal operations
[Wed Feb 05 17:54:16.970920 2025] [mpm_winnt:notice] [pid 9776:tid 396] AH00456: Apache Lounge VS17 Server built: Oct 18 2023 13:03:18
[Wed Feb 05 17:54:16.970920 2025] [core:notice] [pid 9776:tid 396] AH00094: Command line: 'c:\\xampp\\apache\\bin\\httpd.exe -d C:/xampp/apache'
[Wed Feb 05 17:54:16.973922 2025] [mpm_winnt:notice] [pid 9776:tid 396] AH00418: Parent: Created child process 10940
[Wed Feb 05 17:54:17.606265 2025] [ssl:warn] [pid 10940:tid 376] AH01909: www.example.com:443:0 server certificate does NOT include an ID which matches the server name
[Wed Feb 05 17:54:17.648323 2025] [ssl:warn] [pid 10940:tid 376] AH01909: www.example.com:443:0 server certificate does NOT include an ID which matches the server name
[Wed Feb 05 17:54:17.689432 2025] [mpm_winnt:notice] [pid 10940:tid 376] AH00354: Child: Starting 150 worker threads.
[Wed Feb 05 19:18:33.301730 2025] [ssl:warn] [pid 15048:tid 376] AH01909: www.example.com:443:0 server certificate does NOT include an ID which matches the server name
[Wed Feb 05 19:18:33.364857 2025] [core:warn] [pid 15048:tid 376] AH00098: pid file C:/xampp/apache/logs/httpd.pid overwritten -- Unclean shutdown of previous Apache run?
[Wed Feb 05 19:18:33.368854 2025] [ssl:warn] [pid 15048:tid 376] AH01909: www.example.com:443:0 server certificate does NOT include an ID which matches the server name
[Wed Feb 05 19:18:33.952980 2025] [mpm_winnt:notice] [pid 15048:tid 376] AH00455: Apache/2.4.58 (Win64) OpenSSL/3.1.3 PHP/8.0.30 configured -- resuming normal operations
[Wed Feb 05 19:18:33.952980 2025] [mpm_winnt:notice] [pid 15048:tid 376] AH00456: Apache Lounge VS17 Server built: Oct 18 2023 13:03:18
[Wed Feb 05 19:18:33.952980 2025] [core:notice] [pid 15048:tid 376] AH00094: Command line: 'c:\\xampp\\apache\\bin\\httpd.exe -d C:/xampp/apache'
[Wed Feb 05 19:18:33.957999 2025] [mpm_winnt:notice] [pid 15048:tid 376] AH00418: Parent: Created child process 5872
[Wed Feb 05 19:18:34.576133 2025] [ssl:warn] [pid 5872:tid 372] AH01909: www.example.com:443:0 server certificate does NOT include an ID which matches the server name
[Wed Feb 05 19:18:34.628786 2025] [ssl:warn] [pid 5872:tid 372] AH01909: www.example.com:443:0 server certificate does NOT include an ID which matches the server name
[Wed Feb 05 19:18:34.665845 2025] [mpm_winnt:notice] [pid 5872:tid 372] AH00354: Child: Starting 150 worker threads.
